<?xml version="1.0" encoding="UTF-8"?>
<!-- Generated by org.testng.reporters.JUnitReportReporter -->
<testsuite skipped="0" hostname="Admin-PC" name="Quantisti.AppTest" tests="1" failures="0" timestamp="2020-07-26T14:14:27 IST" time="27.420" errors="0">
  <testcase name="Login" time="27.420" classname="Quantisti.AppTest"/>
  <system-out/>
</testsuite> <!-- Quantisti.AppTest -->
