<?xml version="1.0" encoding="UTF-8"?>
<!-- Generated by org.testng.reporters.JUnitReportReporter -->
<testsuite skipped="0" hostname="Admin-PC" name="Quantisti.Section1" tests="1" failures="0" timestamp="2020-07-26T15:33:09 IST" time="64.734" errors="0">
  <testcase name="Login" time="64.734" classname="Quantisti.Section1"/>
  <system-out/>
</testsuite> <!-- Quantisti.Section1 -->
