<?xml version="1.0" encoding="UTF-8"?>
<!-- Generated by org.testng.reporters.JUnitReportReporter -->
<testsuite hostname="LAPTOP-S5621K00" failures="0" tests="1" name="Quantisti.Section1" time="48.180" errors="0" timestamp="2020-08-29T22:06:16 IST" skipped="0">
  <testcase classname="Quantisti.Section1" name="Login" time="48.180"/>
  <system-out/>
</testsuite> <!-- Quantisti.Section1 -->
